{"C:\\Users\\brend\\Documents\\Code\\Learn\\ReactNative\\Budget-App\\src\\components\\BudgetSummary.tsx": {"path":"C:\\Users\\brend\\Documents\\Code\\Learn\\ReactNative\\Budget-App\\src\\components\\BudgetSummary.tsx","statementMap":{"0":{"start":{"line":11,"column":4},"end":{"line":17,"column":6}},"1":{"start":{"line":20,"column":15},"end":{"line":41,"column":4}}},"fnMap":{"0":{"name":"BudgetSummary","decl":{"start":{"line":10,"column":24},"end":{"line":10,"column":37}},"loc":{"start":{"line":10,"column":65},"end":{"line":18,"column":1}},"line":10}},"branchMap":{"0":{"loc":{"start":{"line":14,"column":44},"end":{"line":14,"column":92}},"type":"cond-expr","locations":[{"start":{"line":14,"column":67},"end":{"line":14,"column":79}},{"start":{"line":14,"column":82},"end":{"line":14,"column":92}}],"line":14}},"s":{"0":7,"1":2},"f":{"0":7},"b":{"0":[5,2]},"_coverageSchema":"1a1c01bbd47fc00a2c39e90264f33305004495a9","hash":"341bd8bad0f840bc854ecad291427b1ad9a3caa4"}
,"C:\\Users\\brend\\Documents\\Code\\Learn\\ReactNative\\Budget-App\\src\\pages\\BudgetPage.tsx": {"path":"C:\\Users\\brend\\Documents\\Code\\Learn\\ReactNative\\Budget-App\\src\\pages\\BudgetPage.tsx","statementMap":{"0":{"start":{"line":6,"column":4},"end":{"line":17,"column":5}},"1":{"start":{"line":20,"column":15},"end":{"line":24,"column":4}}},"fnMap":{"0":{"name":"BudgetPage","decl":{"start":{"line":5,"column":24},"end":{"line":5,"column":34}},"loc":{"start":{"line":5,"column":37},"end":{"line":18,"column":1}},"line":5}},"branchMap":{},"s":{"0":1,"1":1},"f":{"0":1},"b":{},"_coverageSchema":"1a1c01bbd47fc00a2c39e90264f33305004495a9","hash":"61786945e54eea5d6ec4ffc82335b5d076816612"}
}
